/home/mae2183/miniconda3/envs/cryodrgn/bin/cryodrgn train_vae results_cryodrgn/J1442_quick/inputs/particles.64.mrcs --poses results_cryodrgn/J1442_quick/inputs/poses.pkl --zdim 4 -n 3 --enc-dim 128 --enc-layers 2 --dec-dim 128 --dec-layers 2 -o results_cryodrgn/J1442_quick/train --ctf results_cryodrgn/J1442_quick/inputs/ctf.pkl --ind results_cryodrgn/J1442_quick/inputs/ind.quick.pkl
cryoDRGN 4.3.0
Namespace(particles='/home/mae2183/cryoem-classification/results_cryodrgn/J1442_quick/inputs/particles.64.mrcs', outdir='/home/mae2183/cryoem-classification/results_cryodrgn/J1442_quick/train', zdim=4, poses='/home/mae2183/cryoem-classification/results_cryodrgn/J1442_quick/inputs/poses.pkl', ctf='/home/mae2183/cryoem-classification/results_cryodrgn/J1442_quick/inputs/ctf.pkl', load=None, do_analysis=True, checkpoint=1, log_interval=1000, verbose=False, seed=90944, shuffle_seed=None, ind='/home/mae2183/cryoem-classification/results_cryodrgn/J1442_quick/inputs/ind.quick.pkl', invert_data=True, window=True, window_r=0.85, datadir=None, lazy=False, shuffler_size=0, num_workers=None, max_threads=16, ntilts=10, random_tilts=False, t_emb_dim=64, tlayers=3, tdim=1024, dose_per_tilt=None, angle_per_tilt=3, num_epochs=3, batch_size=16, wd=0, lr=0.0001, beta=None, beta_control=None, norm=None, amp=True, multigpu=False, do_pose_sgd=False, pretrain=1, emb_type='quat', pose_lr=0.0003, qlayers=2, qdim=128, encode_mode='resid', enc_mask=None, use_real=False, players=2, pdim=128, pe_type='gaussian', feat_sigma=0.5, pe_dim=None, domain='fourier', activation='relu', func=<function main at 0x7754ea0568c0>)
Use cuda True
Filtering image dataset with /home/mae2183/cryoem-classification/results_cryodrgn/J1442_quick/inputs/ind.quick.pkl
Loading dataset from /home/mae2183/cryoem-classification/results_cryodrgn/J1442_quick/inputs/particles.64.mrcs
Loading ctf params from /home/mae2183/cryoem-classification/results_cryodrgn/J1442_quick/inputs/ctf.pkl
HetOnlyVAE(
  (encoder): ResidLinearMLP(
    (main): Sequential(
      (0): MyLinear(in_features=3208, out_features=128, bias=True)
      (1): ReLU()
      (2): ResidLinear(
        (linear): MyLinear(in_features=128, out_features=128, bias=True)
      )
      (3): ReLU()
      (4): ResidLinear(
        (linear): MyLinear(in_features=128, out_features=128, bias=True)
      )
      (5): ReLU()
      (6): MyLinear(in_features=128, out_features=8, bias=True)
    )
  )
  (decoder): FTPositionalDecoder(
    (decoder): ResidLinearMLP(
      (main): Sequential(
        (0): MyLinear(in_features=196, out_features=128, bias=True)
        (1): ReLU()
        (2): ResidLinear(
          (linear): MyLinear(in_features=128, out_features=128, bias=True)
        )
        (3): ReLU()
        (4): ResidLinear(
          (linear): MyLinear(in_features=128, out_features=128, bias=True)
        )
        (5): ReLU()
        (6): MyLinear(in_features=128, out_features=2, bias=True)
      )
    )
  )
)
503306 parameters in model
444808 parameters in encoder
58498 parameters in decoder
Z dimension 4 is not a multiple of 8 -- AMP training speedup is not optimized!
Using 0 workers for data loading
# [Train Epoch: 1/3] [1008/2000 particles] gen loss=0.661027, kld=0.287105, beta=0.250000, loss=0.661049
# [Train Epoch: 1/3] [2000/2000 particles] gen loss=0.662816, kld=0.477815, beta=0.250000, loss=0.662853
# =====> Epoch: 1 Average gen loss = 0.679973, KLD = 0.322031, total loss = 0.679998; Finished in 0:00:01.256388
Evaluating z
# [Train Epoch: 2/3] [1008/2000 particles] gen loss=0.652417, kld=0.861093, beta=0.250000, loss=0.652484
# [Train Epoch: 2/3] [2000/2000 particles] gen loss=0.653124, kld=0.977583, beta=0.250000, loss=0.653200
# =====> Epoch: 2 Average gen loss = 0.670105, KLD = 0.858529, total loss = 0.670172; Finished in 0:00:00.561128
Evaluating z
# [Train Epoch: 3/3] [1008/2000 particles] gen loss=0.638855, kld=1.351193, beta=0.250000, loss=0.638960
# [Train Epoch: 3/3] [2000/2000 particles] gen loss=0.659744, kld=1.621612, beta=0.250000, loss=0.659871
# =====> Epoch: 3 Average gen loss = 0.667235, KLD = 1.503996, total loss = 0.667352; Finished in 0:00:00.571433
Evaluating z
Training complete
Evaluating z
Finished in 0:00:05.573334 (0:00:01.857778 per epoch)
